bme_gpu13
Tue Aug  6 11:02:49 CST 2024
Tue Aug  6 11:02:49 2024       
+-----------------------------------------------------------------------------+
| NVIDIA-SMI 470.57.02    Driver Version: 470.57.02    CUDA Version: 11.4     |
|-------------------------------+----------------------+----------------------+
| GPU  Name        Persistence-M| Bus-Id        Disp.A | Volatile Uncorr. ECC |
| Fan  Temp  Perf  Pwr:Usage/Cap|         Memory-Usage | GPU-Util  Compute M. |
|                               |                      |               MIG M. |
|===============================+======================+======================|
|   0  NVIDIA A100 80G...  On   | 00000000:98:00.0 Off |                    0 |
| N/A   34C    P0    46W / 300W |      0MiB / 81251MiB |      0%      Default |
|                               |                      |             Disabled |
+-------------------------------+----------------------+----------------------+
                                                                               
+-----------------------------------------------------------------------------+
| Processes:                                                                  |
|  GPU   GI   CI        PID   Type   Process name                  GPU Memory |
|        ID   ID                                                   Usage      |
|=============================================================================|
|  No running processes found                                                 |
+-----------------------------------------------------------------------------+
Parameter condition_time does not require gradient.
Parameter temb_proj.weight does not require gradient.
Parameter temb_proj.bias does not require gradient.
Parameter condation_proj.weight does not require gradient.
Parameter condation_proj.bias does not require gradient.
Parameter temb.dense.0.weight does not require gradient.
Parameter temb.dense.0.bias does not require gradient.
Parameter temb.dense.1.weight does not require gradient.
Parameter temb.dense.1.bias does not require gradient.
Parameter conv_in.weight does not require gradient.
Parameter conv_in.bias does not require gradient.
Parameter conv_in_ref.weight does not require gradient.
Parameter conv_in_ref.bias does not require gradient.
Parameter down.0.block.0.norm1.weight does not require gradient.
Parameter down.0.block.0.norm1.bias does not require gradient.
Parameter down.0.block.0.conv1.weight does not require gradient.
Parameter down.0.block.0.conv1.bias does not require gradient.
Parameter down.0.block.0.temb_proj.weight does not require gradient.
Parameter down.0.block.0.temb_proj.bias does not require gradient.
Parameter down.0.block.0.norm2.weight does not require gradient.
Parameter down.0.block.0.norm2.bias does not require gradient.
Parameter down.0.block.0.conv2.weight does not require gradient.
Parameter down.0.block.0.conv2.bias does not require gradient.
Parameter down.1.block.0.norm1.weight does not require gradient.
Parameter down.1.block.0.norm1.bias does not require gradient.
Parameter down.1.block.0.conv1.weight does not require gradient.
Parameter down.1.block.0.conv1.bias does not require gradient.
Parameter down.1.block.0.temb_proj.weight does not require gradient.
Parameter down.1.block.0.temb_proj.bias does not require gradient.
Parameter down.1.block.0.norm2.weight does not require gradient.
Parameter down.1.block.0.norm2.bias does not require gradient.
Parameter down.1.block.0.conv2.weight does not require gradient.
Parameter down.1.block.0.conv2.bias does not require gradient.
Parameter down.1.block.0.nin_shortcut.weight does not require gradient.
Parameter down.1.block.0.nin_shortcut.bias does not require gradient.
Parameter down.2.block.0.norm1.weight does not require gradient.
Parameter down.2.block.0.norm1.bias does not require gradient.
Parameter down.2.block.0.conv1.weight does not require gradient.
Parameter down.2.block.0.conv1.bias does not require gradient.
Parameter down.2.block.0.temb_proj.weight does not require gradient.
Parameter down.2.block.0.temb_proj.bias does not require gradient.
Parameter down.2.block.0.norm2.weight does not require gradient.
Parameter down.2.block.0.norm2.bias does not require gradient.
Parameter down.2.block.0.conv2.weight does not require gradient.
Parameter down.2.block.0.conv2.bias does not require gradient.
Parameter down.3.block.0.norm1.weight does not require gradient.
Parameter down.3.block.0.norm1.bias does not require gradient.
Parameter down.3.block.0.conv1.weight does not require gradient.
Parameter down.3.block.0.conv1.bias does not require gradient.
Parameter down.3.block.0.temb_proj.weight does not require gradient.
Parameter down.3.block.0.temb_proj.bias does not require gradient.
Parameter down.3.block.0.norm2.weight does not require gradient.
Parameter down.3.block.0.norm2.bias does not require gradient.
Parameter down.3.block.0.conv2.weight does not require gradient.
Parameter down.3.block.0.conv2.bias does not require gradient.
Parameter down.3.block.0.nin_shortcut.weight does not require gradient.
Parameter down.3.block.0.nin_shortcut.bias does not require gradient.
Parameter down.4.block.0.norm1.weight does not require gradient.
Parameter down.4.block.0.norm1.bias does not require gradient.
Parameter down.4.block.0.conv1.weight does not require gradient.
Parameter down.4.block.0.conv1.bias does not require gradient.
Parameter down.4.block.0.temb_proj.weight does not require gradient.
Parameter down.4.block.0.temb_proj.bias does not require gradient.
Parameter down.4.block.0.norm2.weight does not require gradient.
Parameter down.4.block.0.norm2.bias does not require gradient.
Parameter down.4.block.0.conv2.weight does not require gradient.
Parameter down.4.block.0.conv2.bias does not require gradient.
Parameter down_ref.0.block.0.norm1.weight does not require gradient.
Parameter down_ref.0.block.0.norm1.bias does not require gradient.
Parameter down_ref.0.block.0.conv1.weight does not require gradient.
Parameter down_ref.0.block.0.conv1.bias does not require gradient.
Parameter down_ref.0.block.0.temb_proj.weight does not require gradient.
Parameter down_ref.0.block.0.temb_proj.bias does not require gradient.
Parameter down_ref.0.block.0.norm2.weight does not require gradient.
Parameter down_ref.0.block.0.norm2.bias does not require gradient.
Parameter down_ref.0.block.0.conv2.weight does not require gradient.
Parameter down_ref.0.block.0.conv2.bias does not require gradient.
Parameter down_ref.1.block.0.norm1.weight does not require gradient.
Parameter down_ref.1.block.0.norm1.bias does not require gradient.
Parameter down_ref.1.block.0.conv1.weight does not require gradient.
Parameter down_ref.1.block.0.conv1.bias does not require gradient.
Parameter down_ref.1.block.0.temb_proj.weight does not require gradient.
Parameter down_ref.1.block.0.temb_proj.bias does not require gradient.
Parameter down_ref.1.block.0.norm2.weight does not require gradient.
Parameter down_ref.1.block.0.norm2.bias does not require gradient.
Parameter down_ref.1.block.0.conv2.weight does not require gradient.
Parameter down_ref.1.block.0.conv2.bias does not require gradient.
Parameter down_ref.1.block.0.nin_shortcut.weight does not require gradient.
Parameter down_ref.1.block.0.nin_shortcut.bias does not require gradient.
Parameter down_ref.2.block.0.norm1.weight does not require gradient.
Parameter down_ref.2.block.0.norm1.bias does not require gradient.
Parameter down_ref.2.block.0.conv1.weight does not require gradient.
Parameter down_ref.2.block.0.conv1.bias does not require gradient.
Parameter down_ref.2.block.0.temb_proj.weight does not require gradient.
Parameter down_ref.2.block.0.temb_proj.bias does not require gradient.
Parameter down_ref.2.block.0.norm2.weight does not require gradient.
Parameter down_ref.2.block.0.norm2.bias does not require gradient.
Parameter down_ref.2.block.0.conv2.weight does not require gradient.
Parameter down_ref.2.block.0.conv2.bias does not require gradient.
Parameter down_ref.3.block.0.norm1.weight does not require gradient.
Parameter down_ref.3.block.0.norm1.bias does not require gradient.
Parameter down_ref.3.block.0.conv1.weight does not require gradient.
Parameter down_ref.3.block.0.conv1.bias does not require gradient.
Parameter down_ref.3.block.0.temb_proj.weight does not require gradient.
Parameter down_ref.3.block.0.temb_proj.bias does not require gradient.
Parameter down_ref.3.block.0.norm2.weight does not require gradient.
Parameter down_ref.3.block.0.norm2.bias does not require gradient.
Parameter down_ref.3.block.0.conv2.weight does not require gradient.
Parameter down_ref.3.block.0.conv2.bias does not require gradient.
Parameter down_ref.3.block.0.nin_shortcut.weight does not require gradient.
Parameter down_ref.3.block.0.nin_shortcut.bias does not require gradient.
Parameter down_ref.4.block.0.norm1.weight does not require gradient.
Parameter down_ref.4.block.0.norm1.bias does not require gradient.
Parameter down_ref.4.block.0.conv1.weight does not require gradient.
Parameter down_ref.4.block.0.conv1.bias does not require gradient.
Parameter down_ref.4.block.0.temb_proj.weight does not require gradient.
Parameter down_ref.4.block.0.temb_proj.bias does not require gradient.
Parameter down_ref.4.block.0.norm2.weight does not require gradient.
Parameter down_ref.4.block.0.norm2.bias does not require gradient.
Parameter down_ref.4.block.0.conv2.weight does not require gradient.
Parameter down_ref.4.block.0.conv2.bias does not require gradient.
Parameter mid.block_1.norm1.weight does not require gradient.
Parameter mid.block_1.norm1.bias does not require gradient.
Parameter mid.block_1.conv1.weight does not require gradient.
Parameter mid.block_1.conv1.bias does not require gradient.
Parameter mid.block_1.temb_proj.weight does not require gradient.
Parameter mid.block_1.temb_proj.bias does not require gradient.
Parameter mid.block_1.norm2.weight does not require gradient.
Parameter mid.block_1.norm2.bias does not require gradient.
Parameter mid.block_1.conv2.weight does not require gradient.
Parameter mid.block_1.conv2.bias does not require gradient.
Parameter mid.attn_1.norm_1.weight does not require gradient.
Parameter mid.attn_1.norm_1.bias does not require gradient.
Parameter mid.attn_1.norm_2.weight does not require gradient.
Parameter mid.attn_1.norm_2.bias does not require gradient.
Parameter mid.attn_1.q.weight does not require gradient.
Parameter mid.attn_1.q.bias does not require gradient.
Parameter mid.attn_1.k.weight does not require gradient.
Parameter mid.attn_1.k.bias does not require gradient.
Parameter mid.attn_1.v.weight does not require gradient.
Parameter mid.attn_1.v.bias does not require gradient.
Parameter mid.attn_1.proj_out.weight does not require gradient.
Parameter mid.attn_1.proj_out.bias does not require gradient.
Parameter mid.block_2.norm1.weight does not require gradient.
Parameter mid.block_2.norm1.bias does not require gradient.
Parameter mid.block_2.conv1.weight does not require gradient.
Parameter mid.block_2.conv1.bias does not require gradient.
Parameter mid.block_2.temb_proj.weight does not require gradient.
Parameter mid.block_2.temb_proj.bias does not require gradient.
Parameter mid.block_2.norm2.weight does not require gradient.
Parameter mid.block_2.norm2.bias does not require gradient.
Parameter mid.block_2.conv2.weight does not require gradient.
Parameter mid.block_2.conv2.bias does not require gradient.
Parameter up.0.block.0.norm1.weight does not require gradient.
Parameter up.0.block.0.norm1.bias does not require gradient.
Parameter up.0.block.0.conv1.weight does not require gradient.
Parameter up.0.block.0.conv1.bias does not require gradient.
Parameter up.0.block.0.temb_proj.weight does not require gradient.
Parameter up.0.block.0.temb_proj.bias does not require gradient.
Parameter up.0.block.0.norm2.weight does not require gradient.
Parameter up.0.block.0.norm2.bias does not require gradient.
Parameter up.0.block.0.conv2.weight does not require gradient.
Parameter up.0.block.0.conv2.bias does not require gradient.
Parameter up.0.block.0.nin_shortcut.weight does not require gradient.
Parameter up.0.block.0.nin_shortcut.bias does not require gradient.
Parameter up.0.block.1.norm1.weight does not require gradient.
Parameter up.0.block.1.norm1.bias does not require gradient.
Parameter up.0.block.1.conv1.weight does not require gradient.
Parameter up.0.block.1.conv1.bias does not require gradient.
Parameter up.0.block.1.temb_proj.weight does not require gradient.
Parameter up.0.block.1.temb_proj.bias does not require gradient.
Parameter up.0.block.1.norm2.weight does not require gradient.
Parameter up.0.block.1.norm2.bias does not require gradient.
Parameter up.0.block.1.conv2.weight does not require gradient.
Parameter up.0.block.1.conv2.bias does not require gradient.
Parameter up.0.block.1.nin_shortcut.weight does not require gradient.
Parameter up.0.block.1.nin_shortcut.bias does not require gradient.
Parameter up.1.block.0.norm1.weight does not require gradient.
Parameter up.1.block.0.norm1.bias does not require gradient.
Parameter up.1.block.0.conv1.weight does not require gradient.
Parameter up.1.block.0.conv1.bias does not require gradient.
Parameter up.1.block.0.temb_proj.weight does not require gradient.
Parameter up.1.block.0.temb_proj.bias does not require gradient.
Parameter up.1.block.0.norm2.weight does not require gradient.
Parameter up.1.block.0.norm2.bias does not require gradient.
Parameter up.1.block.0.conv2.weight does not require gradient.
Parameter up.1.block.0.conv2.bias does not require gradient.
Parameter up.1.block.0.nin_shortcut.weight does not require gradient.
Parameter up.1.block.0.nin_shortcut.bias does not require gradient.
Parameter up.1.block.1.norm1.weight does not require gradient.
Parameter up.1.block.1.norm1.bias does not require gradient.
Parameter up.1.block.1.conv1.weight does not require gradient.
Parameter up.1.block.1.conv1.bias does not require gradient.
Parameter up.1.block.1.temb_proj.weight does not require gradient.
Parameter up.1.block.1.temb_proj.bias does not require gradient.
Parameter up.1.block.1.norm2.weight does not require gradient.
Parameter up.1.block.1.norm2.bias does not require gradient.
Parameter up.1.block.1.conv2.weight does not require gradient.
Parameter up.1.block.1.conv2.bias does not require gradient.
Parameter up.1.block.1.nin_shortcut.weight does not require gradient.
Parameter up.1.block.1.nin_shortcut.bias does not require gradient.
Parameter up.2.block.0.norm1.weight does not require gradient.
Parameter up.2.block.0.norm1.bias does not require gradient.
Parameter up.2.block.0.conv1.weight does not require gradient.
Parameter up.2.block.0.conv1.bias does not require gradient.
Parameter up.2.block.0.temb_proj.weight does not require gradient.
Parameter up.2.block.0.temb_proj.bias does not require gradient.
Parameter up.2.block.0.norm2.weight does not require gradient.
Parameter up.2.block.0.norm2.bias does not require gradient.
Parameter up.2.block.0.conv2.weight does not require gradient.
Parameter up.2.block.0.conv2.bias does not require gradient.
Parameter up.2.block.0.nin_shortcut.weight does not require gradient.
Parameter up.2.block.0.nin_shortcut.bias does not require gradient.
Parameter up.2.block.1.norm1.weight does not require gradient.
Parameter up.2.block.1.norm1.bias does not require gradient.
Parameter up.2.block.1.conv1.weight does not require gradient.
Parameter up.2.block.1.conv1.bias does not require gradient.
Parameter up.2.block.1.temb_proj.weight does not require gradient.
Parameter up.2.block.1.temb_proj.bias does not require gradient.
Parameter up.2.block.1.norm2.weight does not require gradient.
Parameter up.2.block.1.norm2.bias does not require gradient.
Parameter up.2.block.1.conv2.weight does not require gradient.
Parameter up.2.block.1.conv2.bias does not require gradient.
Parameter up.2.block.1.nin_shortcut.weight does not require gradient.
Parameter up.2.block.1.nin_shortcut.bias does not require gradient.
Parameter up.3.block.0.norm1.weight does not require gradient.
Parameter up.3.block.0.norm1.bias does not require gradient.
Parameter up.3.block.0.conv1.weight does not require gradient.
Parameter up.3.block.0.conv1.bias does not require gradient.
Parameter up.3.block.0.temb_proj.weight does not require gradient.
Parameter up.3.block.0.temb_proj.bias does not require gradient.
Parameter up.3.block.0.norm2.weight does not require gradient.
Parameter up.3.block.0.norm2.bias does not require gradient.
Parameter up.3.block.0.conv2.weight does not require gradient.
Parameter up.3.block.0.conv2.bias does not require gradient.
Parameter up.3.block.0.nin_shortcut.weight does not require gradient.
Parameter up.3.block.0.nin_shortcut.bias does not require gradient.
Parameter up.3.block.1.norm1.weight does not require gradient.
Parameter up.3.block.1.norm1.bias does not require gradient.
Parameter up.3.block.1.conv1.weight does not require gradient.
Parameter up.3.block.1.conv1.bias does not require gradient.
Parameter up.3.block.1.temb_proj.weight does not require gradient.
Parameter up.3.block.1.temb_proj.bias does not require gradient.
Parameter up.3.block.1.norm2.weight does not require gradient.
Parameter up.3.block.1.norm2.bias does not require gradient.
Parameter up.3.block.1.conv2.weight does not require gradient.
Parameter up.3.block.1.conv2.bias does not require gradient.
Parameter up.3.block.1.nin_shortcut.weight does not require gradient.
Parameter up.3.block.1.nin_shortcut.bias does not require gradient.
Parameter up.4.block.0.norm1.weight does not require gradient.
Parameter up.4.block.0.norm1.bias does not require gradient.
Parameter up.4.block.0.conv1.weight does not require gradient.
Parameter up.4.block.0.conv1.bias does not require gradient.
Parameter up.4.block.0.temb_proj.weight does not require gradient.
Parameter up.4.block.0.temb_proj.bias does not require gradient.
Parameter up.4.block.0.norm2.weight does not require gradient.
Parameter up.4.block.0.norm2.bias does not require gradient.
Parameter up.4.block.0.conv2.weight does not require gradient.
Parameter up.4.block.0.conv2.bias does not require gradient.
Parameter up.4.block.0.nin_shortcut.weight does not require gradient.
Parameter up.4.block.0.nin_shortcut.bias does not require gradient.
Parameter up.4.block.1.norm1.weight does not require gradient.
Parameter up.4.block.1.norm1.bias does not require gradient.
Parameter up.4.block.1.conv1.weight does not require gradient.
Parameter up.4.block.1.conv1.bias does not require gradient.
Parameter up.4.block.1.temb_proj.weight does not require gradient.
Parameter up.4.block.1.temb_proj.bias does not require gradient.
Parameter up.4.block.1.norm2.weight does not require gradient.
Parameter up.4.block.1.norm2.bias does not require gradient.
Parameter up.4.block.1.conv2.weight does not require gradient.
Parameter up.4.block.1.conv2.bias does not require gradient.
Parameter up.4.block.1.nin_shortcut.weight does not require gradient.
Parameter up.4.block.1.nin_shortcut.bias does not require gradient.
Parameter norm_out.weight does not require gradient.
Parameter norm_out.bias does not require gradient.
Parameter conv_out.weight does not require gradient.
Parameter conv_out.bias does not require gradient.
Parameter control_model.condition_time requires gradient.
Parameter control_model.temb_proj.weight requires gradient.
Parameter control_model.temb_proj.bias requires gradient.
Parameter control_model.condation_proj.weight requires gradient.
Parameter control_model.condation_proj.bias requires gradient.
Parameter control_model.temb.dense.0.weight requires gradient.
Parameter control_model.temb.dense.0.bias requires gradient.
Parameter control_model.temb.dense.1.weight requires gradient.
Parameter control_model.temb.dense.1.bias requires gradient.
Parameter control_model.conv_in.weight requires gradient.
Parameter control_model.conv_in.bias requires gradient.
Parameter control_model.conv_in_con.weight requires gradient.
Parameter control_model.conv_in_con.bias requires gradient.
Parameter control_model.zero_con_in.weight requires gradient.
Parameter control_model.zero_con_in.bias requires gradient.
Parameter control_model.down.0.block.0.norm1.weight requires gradient.
Parameter control_model.down.0.block.0.norm1.bias requires gradient.
Parameter control_model.down.0.block.0.conv1.weight requires gradient.
Parameter control_model.down.0.block.0.conv1.bias requires gradient.
Parameter control_model.down.0.block.0.temb_proj.weight requires gradient.
Parameter control_model.down.0.block.0.temb_proj.bias requires gradient.
Parameter control_model.down.0.block.0.norm2.weight requires gradient.
Parameter control_model.down.0.block.0.norm2.bias requires gradient.
Parameter control_model.down.0.block.0.conv2.weight requires gradient.
Parameter control_model.down.0.block.0.conv2.bias requires gradient.
Parameter control_model.down.1.block.0.norm1.weight requires gradient.
Parameter control_model.down.1.block.0.norm1.bias requires gradient.
Parameter control_model.down.1.block.0.conv1.weight requires gradient.
Parameter control_model.down.1.block.0.conv1.bias requires gradient.
Parameter control_model.down.1.block.0.temb_proj.weight requires gradient.
Parameter control_model.down.1.block.0.temb_proj.bias requires gradient.
Parameter control_model.down.1.block.0.norm2.weight requires gradient.
Parameter control_model.down.1.block.0.norm2.bias requires gradient.
Parameter control_model.down.1.block.0.conv2.weight requires gradient.
Parameter control_model.down.1.block.0.conv2.bias requires gradient.
Parameter control_model.down.1.block.0.nin_shortcut.weight requires gradient.
Parameter control_model.down.1.block.0.nin_shortcut.bias requires gradient.
Parameter control_model.down.2.block.0.norm1.weight requires gradient.
Parameter control_model.down.2.block.0.norm1.bias requires gradient.
Parameter control_model.down.2.block.0.conv1.weight requires gradient.
Parameter control_model.down.2.block.0.conv1.bias requires gradient.
Parameter control_model.down.2.block.0.temb_proj.weight requires gradient.
Parameter control_model.down.2.block.0.temb_proj.bias requires gradient.
Parameter control_model.down.2.block.0.norm2.weight requires gradient.
Parameter control_model.down.2.block.0.norm2.bias requires gradient.
Parameter control_model.down.2.block.0.conv2.weight requires gradient.
Parameter control_model.down.2.block.0.conv2.bias requires gradient.
Parameter control_model.down.3.block.0.norm1.weight requires gradient.
Parameter control_model.down.3.block.0.norm1.bias requires gradient.
Parameter control_model.down.3.block.0.conv1.weight requires gradient.
Parameter control_model.down.3.block.0.conv1.bias requires gradient.
Parameter control_model.down.3.block.0.temb_proj.weight requires gradient.
Parameter control_model.down.3.block.0.temb_proj.bias requires gradient.
Parameter control_model.down.3.block.0.norm2.weight requires gradient.
Parameter control_model.down.3.block.0.norm2.bias requires gradient.
Parameter control_model.down.3.block.0.conv2.weight requires gradient.
Parameter control_model.down.3.block.0.conv2.bias requires gradient.
Parameter control_model.down.3.block.0.nin_shortcut.weight requires gradient.
Parameter control_model.down.3.block.0.nin_shortcut.bias requires gradient.
Parameter control_model.down.4.block.0.norm1.weight requires gradient.
Parameter control_model.down.4.block.0.norm1.bias requires gradient.
Parameter control_model.down.4.block.0.conv1.weight requires gradient.
Parameter control_model.down.4.block.0.conv1.bias requires gradient.
Parameter control_model.down.4.block.0.temb_proj.weight requires gradient.
Parameter control_model.down.4.block.0.temb_proj.bias requires gradient.
Parameter control_model.down.4.block.0.norm2.weight requires gradient.
Parameter control_model.down.4.block.0.norm2.bias requires gradient.
Parameter control_model.down.4.block.0.conv2.weight requires gradient.
Parameter control_model.down.4.block.0.conv2.bias requires gradient.
Parameter control_model.zero_convs.0.weight requires gradient.
Parameter control_model.zero_convs.0.bias requires gradient.
Parameter control_model.zero_convs.1.weight requires gradient.
Parameter control_model.zero_convs.1.bias requires gradient.
Parameter control_model.zero_convs.2.weight requires gradient.
Parameter control_model.zero_convs.2.bias requires gradient.
Parameter control_model.zero_convs.3.weight requires gradient.
Parameter control_model.zero_convs.3.bias requires gradient.
Parameter control_model.zero_convs.4.weight requires gradient.
Parameter control_model.zero_convs.4.bias requires gradient.
Parameter control_model.zero_convs.5.weight requires gradient.
Parameter control_model.zero_convs.5.bias requires gradient.
Parameter control_model.zero_convs.6.weight requires gradient.
Parameter control_model.zero_convs.6.bias requires gradient.
Parameter control_model.zero_convs.7.weight requires gradient.
Parameter control_model.zero_convs.7.bias requires gradient.
Parameter control_model.zero_convs.8.weight requires gradient.
Parameter control_model.zero_convs.8.bias requires gradient.
Parameter control_model.mid.block_1.norm1.weight requires gradient.
Parameter control_model.mid.block_1.norm1.bias requires gradient.
Parameter control_model.mid.block_1.conv1.weight requires gradient.
Parameter control_model.mid.block_1.conv1.bias requires gradient.
Parameter control_model.mid.block_1.temb_proj.weight requires gradient.
Parameter control_model.mid.block_1.temb_proj.bias requires gradient.
Parameter control_model.mid.block_1.norm2.weight requires gradient.
Parameter control_model.mid.block_1.norm2.bias requires gradient.
Parameter control_model.mid.block_1.conv2.weight requires gradient.
Parameter control_model.mid.block_1.conv2.bias requires gradient.
Parameter control_model.mid.attn_1.norm_1.weight requires gradient.
Parameter control_model.mid.attn_1.norm_1.bias requires gradient.
Parameter control_model.mid.attn_1.norm_2.weight requires gradient.
Parameter control_model.mid.attn_1.norm_2.bias requires gradient.
Parameter control_model.mid.attn_1.q.weight requires gradient.
Parameter control_model.mid.attn_1.q.bias requires gradient.
Parameter control_model.mid.attn_1.k.weight requires gradient.
Parameter control_model.mid.attn_1.k.bias requires gradient.
Parameter control_model.mid.attn_1.v.weight requires gradient.
Parameter control_model.mid.attn_1.v.bias requires gradient.
Parameter control_model.mid.attn_1.proj_out.weight requires gradient.
Parameter control_model.mid.attn_1.proj_out.bias requires gradient.
Parameter control_model.mid.block_2.norm1.weight requires gradient.
Parameter control_model.mid.block_2.norm1.bias requires gradient.
Parameter control_model.mid.block_2.conv1.weight requires gradient.
Parameter control_model.mid.block_2.conv1.bias requires gradient.
Parameter control_model.mid.block_2.temb_proj.weight requires gradient.
Parameter control_model.mid.block_2.temb_proj.bias requires gradient.
Parameter control_model.mid.block_2.norm2.weight requires gradient.
Parameter control_model.mid.block_2.norm2.bias requires gradient.
Parameter control_model.mid.block_2.conv2.weight requires gradient.
Parameter control_model.mid.block_2.conv2.bias requires gradient.
Parameter control_model.middle_block_out.weight requires gradient.
Parameter control_model.middle_block_out.bias requires gradient.
load weight sucess
